[2022-03-24 13:20:17] [info] Start Program:
Path:"C:\Users\flavi\OneDrive\Desktop\Labul2-4\x64\Debug\Lab2-4.exe"
Arguments:
Working directory: "C:\Users\flavi\OneDrive\Desktop\Labul2-4\"
Modules: Selected: C:\Users\flavi\OneDrive\Desktop\Labul2-4\x64\Debug\Lab2-4.exe Excluded: 
Sources: Selected: C:\Users\flavi\OneDrive\Desktop\Labul2-4 Excluded: UI.c main.c 
Log Level: Normal
Cover Children: 0
Aggregate by file: 1
Continue after C++ exception: 0
Optimized build support: 0
Export: Binary C:\Users\flavi\AppData\Local\Temp\b4n3pqhv.gai 
Input coverage: 
Unified diff: 
Excluded line regular expressions: 
Substitute pdb source paths: 

[2022-03-24 13:20:18] [info] Module: C:\Users\flavi\OneDrive\Desktop\Labul2-4\x64\Debug\Lab2-4.exe is selected because it matches selected pattern: C:\Users\flavi\OneDrive\Desktop\Labul2-4\x64\Debug\Lab2-4.exe
[2022-03-24 13:32:07] [info] ----------------------------------------------------
[2022-03-24 13:32:07] [info] Coverage binary generated in file: C:\Users\flavi\AppData\Local\Temp\b4n3pqhv.gai
[2022-03-24 13:32:07] [info] ----------------------------------------------------
[2022-03-24 13:32:07] [error] Your program stop with error code: 1
